0 verbose cli /Users/macbook/.nvm/versions/node/v22.20.0/bin/node /Users/macbook/.nvm/versions/node/v22.20.0/bin/npm
1 info using npm@10.9.3
2 info using node@v22.20.0
3 silly config load:file:/Users/macbook/.nvm/versions/node/v22.20.0/lib/node_modules/npm/npmrc
4 silly config load:file:/Users/macbook/Desenvolvimento/onev2editdezembro/consulta-react/.npmrc
5 silly config load:file:/Users/macbook/.npmrc
6 silly config load:file:/Users/macbook/.nvm/versions/node/v22.20.0/etc/npmrc
7 verbose title npm install react-router-dom
8 verbose argv "install" "react-router-dom" "--no-audit" "--no-fund"
9 verbose logfile logs-max:10 dir:/Users/macbook/Desenvolvimento/onev2editdezembro/consulta-react/.npm-cache/_logs/2026-01-21T15_17_11_076Z-
10 verbose logfile /Users/macbook/Desenvolvimento/onev2editdezembro/consulta-react/.npm-cache/_logs/2026-01-21T15_17_11_076Z-debug-0.log
11 silly logfile done cleaning log files
12 silly packumentCache heap:2197815296 maxSize:549453824 maxEntrySize:274726912
13 silly idealTree buildDeps
14 silly fetch manifest react-router-dom@*
15 silly packumentCache full:https://registry.npmjs.org/react-router-dom cache-miss
16 verbose shrinkwrap failed to load node_modules/.package-lock.json out of date, updated: node_modules
17 http fetch GET 200 https://registry.npmjs.org/react-router-dom 351ms (cache miss)
18 silly packumentCache full:https://registry.npmjs.org/react-router-dom set size:undefined disposed:false
19 silly fetch manifest react@^18.2.0
20 silly packumentCache full:https://registry.npmjs.org/react cache-miss
21 http fetch GET 200 https://registry.npmjs.org/react 173ms (cache miss)
22 silly packumentCache full:https://registry.npmjs.org/react set size:undefined disposed:false
23 silly fetch manifest react-dom@^18.2.0
24 silly packumentCache full:https://registry.npmjs.org/react-dom cache-miss
25 http fetch GET 200 https://registry.npmjs.org/react-dom 136ms (cache miss)
26 silly packumentCache full:https://registry.npmjs.org/react-dom set size:undefined disposed:false
27 silly placeDep ROOT react-router-dom@7.12.0 OK for: consulta-react@1.0.0 want: *
28 silly fetch manifest react-router@7.12.0
29 silly packumentCache full:https://registry.npmjs.org/react-router cache-miss
30 http fetch GET 200 https://registry.npmjs.org/react-router 503ms (cache miss)
31 silly packumentCache full:https://registry.npmjs.org/react-router set size:undefined disposed:false
32 silly fetch manifest react@>=18
33 silly packumentCache full:https://registry.npmjs.org/react cache-miss
34 http cache https://registry.npmjs.org/react 10ms (cache hit)
35 silly packumentCache full:https://registry.npmjs.org/react set size:6398188 disposed:false
36 silly fetch manifest react-dom@>=18
37 silly packumentCache full:https://registry.npmjs.org/react-dom cache-miss
38 http cache https://registry.npmjs.org/react-dom 9ms (cache hit)
39 silly packumentCache full:https://registry.npmjs.org/react-dom set size:8436180 disposed:false
40 silly placeDep ROOT react-router@7.12.0 OK for: react-router-dom@7.12.0 want: 7.12.0
41 silly fetch manifest cookie@^1.0.1
42 silly packumentCache full:https://registry.npmjs.org/cookie cache-miss
43 silly fetch manifest set-cookie-parser@^2.6.0
44 silly packumentCache full:https://registry.npmjs.org/set-cookie-parser cache-miss
45 http fetch GET 200 https://registry.npmjs.org/set-cookie-parser 114ms (cache miss)
46 silly packumentCache full:https://registry.npmjs.org/set-cookie-parser set size:undefined disposed:false
47 http fetch GET 200 https://registry.npmjs.org/cookie 160ms (cache miss)
48 silly packumentCache full:https://registry.npmjs.org/cookie set size:undefined disposed:false
49 silly placeDep node_modules/react-router cookie@1.1.1 OK for: react-router@7.12.0 want: ^1.0.1
50 silly placeDep ROOT set-cookie-parser@2.7.2 OK for: react-router@7.12.0 want: ^2.6.0
51 silly reify moves {}
52 http cache set-cookie-parser@https://registry.npmjs.org/set-cookie-parser/-/set-cookie-parser-2.7.2.tgz 0ms (cache hit)
53 http cache react-router@https://registry.npmjs.org/react-router/-/react-router-7.12.0.tgz 0ms (cache hit)
54 http cache react-router-dom@https://registry.npmjs.org/react-router-dom/-/react-router-dom-7.12.0.tgz 0ms (cache hit)
55 http cache cookie@https://registry.npmjs.org/cookie/-/cookie-1.1.1.tgz 0ms (cache hit)
56 silly tarball no local data for set-cookie-parser@https://registry.npmjs.org/set-cookie-parser/-/set-cookie-parser-2.7.2.tgz. Extracting by manifest.
57 silly tarball no local data for react-router@https://registry.npmjs.org/react-router/-/react-router-7.12.0.tgz. Extracting by manifest.
58 silly tarball no local data for react-router-dom@https://registry.npmjs.org/react-router-dom/-/react-router-dom-7.12.0.tgz. Extracting by manifest.
59 silly tarball no local data for cookie@https://registry.npmjs.org/cookie/-/cookie-1.1.1.tgz. Extracting by manifest.
60 http fetch GET 200 https://registry.npmjs.org/set-cookie-parser/-/set-cookie-parser-2.7.2.tgz 66ms (cache miss)
61 http fetch GET 200 https://registry.npmjs.org/react-router-dom/-/react-router-dom-7.12.0.tgz 123ms (cache miss)
62 http fetch GET 200 https://registry.npmjs.org/cookie/-/cookie-1.1.1.tgz 127ms (cache miss)
63 http fetch GET 200 https://registry.npmjs.org/react-router/-/react-router-7.12.0.tgz 129ms (cache miss)
64 silly ADD node_modules/set-cookie-parser
65 silly ADD node_modules/react-router
66 silly ADD node_modules/react-router/node_modules/cookie
67 silly ADD node_modules/react-router-dom
68 verbose cwd /Users/macbook/Desenvolvimento/onev2editdezembro/consulta-react
69 verbose os Darwin 25.2.0
70 verbose node v22.20.0
71 verbose npm  v10.9.3
72 verbose exit 0
73 info ok
