0 verbose cli /Users/macbook/.nvm/versions/node/v22.20.0/bin/node /Users/macbook/.nvm/versions/node/v22.20.0/bin/npm
1 info using npm@10.9.3
2 info using node@v22.20.0
3 silly config load:file:/Users/macbook/.nvm/versions/node/v22.20.0/lib/node_modules/npm/npmrc
4 silly config load:file:/Users/macbook/Desenvolvimento/onev2editdezembro/consulta-react/.npmrc
5 silly config load:file:/Users/macbook/.npmrc
6 silly config load:file:/Users/macbook/.nvm/versions/node/v22.20.0/etc/npmrc
7 verbose title npm install recharts
8 verbose argv "install" "recharts" "--no-audit" "--no-fund"
9 verbose logfile logs-max:10 dir:/Users/macbook/Desenvolvimento/onev2editdezembro/consulta-react/.npm-cache/_logs/2026-01-21T15_36_55_409Z-
10 verbose logfile /Users/macbook/Desenvolvimento/onev2editdezembro/consulta-react/.npm-cache/_logs/2026-01-21T15_36_55_409Z-debug-0.log
11 silly logfile done cleaning log files
12 silly packumentCache heap:2197815296 maxSize:549453824 maxEntrySize:274726912
13 silly idealTree buildDeps
14 silly fetch manifest recharts@*
15 silly packumentCache full:https://registry.npmjs.org/recharts cache-miss
16 http fetch GET 200 https://registry.npmjs.org/recharts 407ms (cache miss)
17 silly packumentCache full:https://registry.npmjs.org/recharts set size:undefined disposed:false
18 silly fetch manifest react@^18.2.0
19 silly packumentCache full:https://registry.npmjs.org/react cache-miss
20 http fetch GET 200 https://registry.npmjs.org/react 53ms (cache revalidated)
21 silly packumentCache full:https://registry.npmjs.org/react set size:6398188 disposed:false
22 silly fetch manifest react-dom@^18.2.0
23 silly packumentCache full:https://registry.npmjs.org/react-dom cache-miss
24 http fetch GET 200 https://registry.npmjs.org/react-dom 121ms (cache revalidated)
25 silly packumentCache full:https://registry.npmjs.org/react-dom set size:8436180 disposed:false
26 silly fetch manifest react-is@^16.8.0 || ^17.0.0 || ^18.0.0 || ^19.0.0
27 silly packumentCache full:https://registry.npmjs.org/react-is cache-miss
28 http fetch GET 200 https://registry.npmjs.org/react-is 216ms (cache miss)
29 silly packumentCache full:https://registry.npmjs.org/react-is set size:undefined disposed:false
30 silly placeDep ROOT recharts@3.6.0 OK for: consulta-react@1.0.0 want: *
31 silly fetch manifest @reduxjs/toolkit@1.x.x || 2.x.x
32 silly packumentCache full:https://registry.npmjs.org/@reduxjs%2ftoolkit cache-miss
33 silly fetch manifest clsx@^2.1.1
34 silly packumentCache full:https://registry.npmjs.org/clsx cache-miss
35 silly fetch manifest decimal.js-light@^2.5.1
36 silly packumentCache full:https://registry.npmjs.org/decimal.js-light cache-miss
37 silly fetch manifest es-toolkit@^1.39.3
38 silly packumentCache full:https://registry.npmjs.org/es-toolkit cache-miss
39 silly fetch manifest eventemitter3@^5.0.1
40 silly packumentCache full:https://registry.npmjs.org/eventemitter3 cache-miss
41 silly fetch manifest immer@^10.1.1
42 silly packumentCache full:https://registry.npmjs.org/immer cache-miss
43 silly fetch manifest react-redux@8.x.x || 9.x.x
44 silly packumentCache full:https://registry.npmjs.org/react-redux cache-miss
45 http fetch GET 200 https://registry.npmjs.org/@reduxjs%2ftoolkit 75ms (cache miss)
46 silly packumentCache full:https://registry.npmjs.org/@reduxjs%2ftoolkit set size:undefined disposed:false
47 silly fetch manifest reselect@5.1.1
48 silly packumentCache full:https://registry.npmjs.org/reselect cache-miss
49 http fetch GET 200 https://registry.npmjs.org/decimal.js-light 92ms (cache miss)
50 silly packumentCache full:https://registry.npmjs.org/decimal.js-light set size:undefined disposed:false
51 silly fetch manifest tiny-invariant@^1.3.3
52 silly packumentCache full:https://registry.npmjs.org/tiny-invariant cache-miss
53 http fetch GET 200 https://registry.npmjs.org/clsx 92ms (cache miss)
54 silly packumentCache full:https://registry.npmjs.org/clsx set size:undefined disposed:false
55 silly fetch manifest use-sync-external-store@^1.2.2
56 silly packumentCache full:https://registry.npmjs.org/use-sync-external-store cache-miss
57 http fetch GET 200 https://registry.npmjs.org/eventemitter3 99ms (cache miss)
58 silly packumentCache full:https://registry.npmjs.org/eventemitter3 set size:undefined disposed:false
59 silly fetch manifest victory-vendor@^37.0.2
60 silly packumentCache full:https://registry.npmjs.org/victory-vendor cache-miss
61 http fetch GET 200 https://registry.npmjs.org/react-redux 133ms (cache miss)
62 silly packumentCache full:https://registry.npmjs.org/react-redux set size:undefined disposed:false
63 http fetch GET 200 https://registry.npmjs.org/es-toolkit 339ms (cache miss)
64 silly packumentCache full:https://registry.npmjs.org/es-toolkit set size:undefined disposed:false
65 http fetch GET 200 https://registry.npmjs.org/tiny-invariant 374ms (cache miss)
66 silly packumentCache full:https://registry.npmjs.org/tiny-invariant set size:undefined disposed:false
67 http fetch GET 200 https://registry.npmjs.org/victory-vendor 382ms (cache miss)
68 silly packumentCache full:https://registry.npmjs.org/victory-vendor set size:undefined disposed:false
69 http fetch GET 200 https://registry.npmjs.org/immer 509ms (cache miss)
70 silly packumentCache full:https://registry.npmjs.org/immer set size:undefined disposed:false
71 http fetch GET 200 https://registry.npmjs.org/use-sync-external-store 458ms (cache miss)
72 silly packumentCache full:https://registry.npmjs.org/use-sync-external-store set size:undefined disposed:false
73 http fetch GET 200 https://registry.npmjs.org/reselect 520ms (cache miss)
74 silly packumentCache full:https://registry.npmjs.org/reselect set size:undefined disposed:false
75 silly fetch manifest react@^16.8.0 || ^17.0.0 || ^18.0.0 || ^19.0.0
76 silly packumentCache full:https://registry.npmjs.org/react cache-miss
77 http cache https://registry.npmjs.org/react 10ms (cache hit)
78 silly packumentCache full:https://registry.npmjs.org/react set size:6398188 disposed:false
79 silly fetch manifest @types/react@^18.2.25 || ^19
80 silly packumentCache full:https://registry.npmjs.org/@types%2freact cache-miss
81 http fetch GET 200 https://registry.npmjs.org/@types%2freact 154ms (cache miss)
82 silly packumentCache full:https://registry.npmjs.org/@types%2freact set size:undefined disposed:false
83 silly fetch manifest redux@^5.0.0
84 silly packumentCache full:https://registry.npmjs.org/redux cache-miss
85 http fetch GET 200 https://registry.npmjs.org/redux 42ms (cache miss)
86 silly packumentCache full:https://registry.npmjs.org/redux set size:undefined disposed:false
87 silly placeDep ROOT @reduxjs/toolkit@2.11.2 OK for: recharts@3.6.0 want: 1.x.x || 2.x.x
88 silly placeDep ROOT clsx@2.1.1 OK for: recharts@3.6.0 want: ^2.1.1
89 silly placeDep ROOT decimal.js-light@2.5.1 OK for: recharts@3.6.0 want: ^2.5.1
90 silly placeDep ROOT es-toolkit@1.44.0 OK for: recharts@3.6.0 want: ^1.39.3
91 silly placeDep node_modules/recharts eventemitter3@5.0.4 OK for: recharts@3.6.0 want: ^5.0.1
92 silly placeDep node_modules/recharts immer@10.2.0 OK for: recharts@3.6.0 want: ^10.1.1
93 silly placeDep ROOT react-redux@9.2.0 OK for: recharts@3.6.0 want: 8.x.x || 9.x.x
94 silly placeDep ROOT reselect@5.1.1 OK for: recharts@3.6.0 want: 5.1.1
95 silly placeDep ROOT tiny-invariant@1.3.3 OK for: recharts@3.6.0 want: ^1.3.3
96 silly placeDep ROOT use-sync-external-store@1.6.0 OK for: recharts@3.6.0 want: ^1.2.2
97 silly placeDep ROOT victory-vendor@37.3.6 OK for: recharts@3.6.0 want: ^37.0.2
98 silly fetch manifest @standard-schema/spec@^1.0.0
99 silly packumentCache full:https://registry.npmjs.org/@standard-schema%2fspec cache-miss
100 silly fetch manifest @standard-schema/utils@^0.3.0
101 silly packumentCache full:https://registry.npmjs.org/@standard-schema%2futils cache-miss
102 silly fetch manifest immer@^11.0.0
103 silly packumentCache full:https://registry.npmjs.org/immer cache-miss
104 silly fetch manifest redux@^5.0.1
105 silly packumentCache full:https://registry.npmjs.org/redux cache-miss
106 silly fetch manifest redux-thunk@^3.1.0
107 silly packumentCache full:https://registry.npmjs.org/redux-thunk cache-miss
108 silly fetch manifest reselect@^5.1.0
109 silly packumentCache full:https://registry.npmjs.org/reselect cache-miss
110 silly fetch manifest @types/use-sync-external-store@^0.0.6
111 silly packumentCache full:https://registry.npmjs.org/@types%2fuse-sync-external-store cache-miss
112 http cache https://registry.npmjs.org/redux 3ms (cache hit)
113 silly packumentCache full:https://registry.npmjs.org/redux set size:553833 disposed:false
114 silly fetch manifest use-sync-external-store@^1.4.0
115 silly packumentCache full:https://registry.npmjs.org/use-sync-external-store cache-miss
116 http cache https://registry.npmjs.org/immer 6ms (cache hit)
117 silly packumentCache full:https://registry.npmjs.org/immer set size:743795 disposed:false
118 silly fetch manifest d3-ease@^3.0.1
119 silly packumentCache full:https://registry.npmjs.org/d3-ease cache-miss
120 http cache https://registry.npmjs.org/reselect 8ms (cache hit)
121 silly packumentCache full:https://registry.npmjs.org/reselect set size:910470 disposed:false
122 silly fetch manifest d3-time@^3.0.0
123 silly packumentCache full:https://registry.npmjs.org/d3-time cache-miss
124 http cache https://registry.npmjs.org/use-sync-external-store 13ms (cache hit)
125 silly packumentCache full:https://registry.npmjs.org/use-sync-external-store set size:4408944 disposed:false
126 silly fetch manifest d3-array@^3.1.6
127 silly packumentCache full:https://registry.npmjs.org/d3-array cache-miss
128 http fetch GET 200 https://registry.npmjs.org/@standard-schema%2fspec 95ms (cache miss)
129 silly packumentCache full:https://registry.npmjs.org/@standard-schema%2fspec set size:undefined disposed:false
130 silly fetch manifest d3-scale@^4.0.2
131 silly packumentCache full:https://registry.npmjs.org/d3-scale cache-miss
132 http fetch GET 200 https://registry.npmjs.org/d3-time 121ms (cache miss)
133 silly packumentCache full:https://registry.npmjs.org/d3-time set size:undefined disposed:false
134 silly fetch manifest d3-shape@^3.1.0
135 silly packumentCache full:https://registry.npmjs.org/d3-shape cache-miss
136 http fetch GET 200 https://registry.npmjs.org/d3-ease 127ms (cache miss)
137 silly packumentCache full:https://registry.npmjs.org/d3-ease set size:undefined disposed:false
138 silly fetch manifest d3-timer@^3.0.1
139 silly packumentCache full:https://registry.npmjs.org/d3-timer cache-miss
140 http fetch GET 200 https://registry.npmjs.org/redux-thunk 137ms (cache miss)
141 silly packumentCache full:https://registry.npmjs.org/redux-thunk set size:undefined disposed:false
142 silly fetch manifest @types/d3-ease@^3.0.0
143 silly packumentCache full:https://registry.npmjs.org/@types%2fd3-ease cache-miss
144 http fetch GET 200 https://registry.npmjs.org/d3-scale 46ms (cache miss)
145 silly packumentCache full:https://registry.npmjs.org/d3-scale set size:undefined disposed:false
146 silly fetch manifest @types/d3-time@^3.0.0
147 silly packumentCache full:https://registry.npmjs.org/@types%2fd3-time cache-miss
148 http fetch GET 200 https://registry.npmjs.org/@types%2fuse-sync-external-store 144ms (cache miss)
149 silly packumentCache full:https://registry.npmjs.org/@types%2fuse-sync-external-store set size:undefined disposed:false
150 silly fetch manifest d3-interpolate@^3.0.1
151 silly packumentCache full:https://registry.npmjs.org/d3-interpolate cache-miss
152 http fetch GET 200 https://registry.npmjs.org/d3-array 123ms (cache miss)
153 silly packumentCache full:https://registry.npmjs.org/d3-array set size:undefined disposed:false
154 silly fetch manifest @types/d3-array@^3.0.3
155 silly packumentCache full:https://registry.npmjs.org/@types%2fd3-array cache-miss
156 http fetch GET 200 https://registry.npmjs.org/@standard-schema%2futils 154ms (cache miss)
157 silly packumentCache full:https://registry.npmjs.org/@standard-schema%2futils set size:undefined disposed:false
158 silly fetch manifest @types/d3-scale@^4.0.2
159 silly packumentCache full:https://registry.npmjs.org/@types%2fd3-scale cache-miss
160 http fetch GET 200 https://registry.npmjs.org/d3-shape 37ms (cache miss)
161 silly packumentCache full:https://registry.npmjs.org/d3-shape set size:undefined disposed:false
162 silly fetch manifest @types/d3-shape@^3.1.0
163 silly packumentCache full:https://registry.npmjs.org/@types%2fd3-shape cache-miss
164 http fetch GET 200 https://registry.npmjs.org/d3-timer 50ms (cache miss)
165 silly packumentCache full:https://registry.npmjs.org/d3-timer set size:undefined disposed:false
166 silly fetch manifest @types/d3-timer@^3.0.0
167 silly packumentCache full:https://registry.npmjs.org/@types%2fd3-timer cache-miss
168 http fetch GET 200 https://registry.npmjs.org/@types%2fd3-ease 49ms (cache miss)
169 silly packumentCache full:https://registry.npmjs.org/@types%2fd3-ease set size:undefined disposed:false
170 silly fetch manifest @types/d3-interpolate@^3.0.1
171 silly packumentCache full:https://registry.npmjs.org/@types%2fd3-interpolate cache-miss
172 http fetch GET 200 https://registry.npmjs.org/d3-interpolate 44ms (cache miss)
173 silly packumentCache full:https://registry.npmjs.org/d3-interpolate set size:undefined disposed:false
174 http fetch GET 200 https://registry.npmjs.org/@types%2fd3-time 48ms (cache miss)
175 silly packumentCache full:https://registry.npmjs.org/@types%2fd3-time set size:undefined disposed:false
176 http fetch GET 200 https://registry.npmjs.org/@types%2fd3-scale 56ms (cache miss)
177 silly packumentCache full:https://registry.npmjs.org/@types%2fd3-scale set size:undefined disposed:false
178 http fetch GET 200 https://registry.npmjs.org/@types%2fd3-array 63ms (cache miss)
179 silly packumentCache full:https://registry.npmjs.org/@types%2fd3-array set size:undefined disposed:false
180 http fetch GET 200 https://registry.npmjs.org/@types%2fd3-shape 60ms (cache miss)
181 silly packumentCache full:https://registry.npmjs.org/@types%2fd3-shape set size:undefined disposed:false
182 http fetch GET 200 https://registry.npmjs.org/@types%2fd3-interpolate 58ms (cache miss)
183 silly packumentCache full:https://registry.npmjs.org/@types%2fd3-interpolate set size:undefined disposed:false
184 http fetch GET 200 https://registry.npmjs.org/@types%2fd3-timer 72ms (cache miss)
185 silly packumentCache full:https://registry.npmjs.org/@types%2fd3-timer set size:undefined disposed:false
186 silly placeDep ROOT @standard-schema/spec@1.1.0 OK for: @reduxjs/toolkit@2.11.2 want: ^1.0.0
187 silly placeDep ROOT @standard-schema/utils@0.3.0 OK for: @reduxjs/toolkit@2.11.2 want: ^0.3.0
188 silly placeDep node_modules/@reduxjs/toolkit immer@11.1.3 OK for: @reduxjs/toolkit@2.11.2 want: ^11.0.0
189 silly placeDep ROOT redux@5.0.1 OK for: @reduxjs/toolkit@2.11.2 want: ^5.0.1
190 silly placeDep ROOT redux-thunk@3.1.0 OK for: @reduxjs/toolkit@2.11.2 want: ^3.1.0
191 silly placeDep ROOT @types/use-sync-external-store@0.0.6 OK for: react-redux@9.2.0 want: ^0.0.6
192 silly placeDep ROOT @types/d3-array@3.2.2 OK for: victory-vendor@37.3.6 want: ^3.0.3
193 silly placeDep ROOT @types/d3-ease@3.0.2 OK for: victory-vendor@37.3.6 want: ^3.0.0
194 silly placeDep ROOT @types/d3-interpolate@3.0.4 OK for: victory-vendor@37.3.6 want: ^3.0.1
195 silly placeDep ROOT @types/d3-scale@4.0.9 OK for: victory-vendor@37.3.6 want: ^4.0.2
196 silly placeDep ROOT @types/d3-shape@3.1.8 OK for: victory-vendor@37.3.6 want: ^3.1.0
197 silly placeDep ROOT @types/d3-time@3.0.4 OK for: victory-vendor@37.3.6 want: ^3.0.0
198 silly placeDep ROOT @types/d3-timer@3.0.2 OK for: victory-vendor@37.3.6 want: ^3.0.0
199 silly placeDep ROOT d3-array@3.2.4 OK for: victory-vendor@37.3.6 want: ^3.1.6
200 silly placeDep ROOT d3-ease@3.0.1 OK for: victory-vendor@37.3.6 want: ^3.0.1
201 silly placeDep ROOT d3-interpolate@3.0.1 OK for: victory-vendor@37.3.6 want: ^3.0.1
202 silly placeDep ROOT d3-scale@4.0.2 OK for: victory-vendor@37.3.6 want: ^4.0.2
203 silly placeDep ROOT d3-shape@3.2.0 OK for: victory-vendor@37.3.6 want: ^3.1.0
204 silly placeDep ROOT d3-time@3.1.0 OK for: victory-vendor@37.3.6 want: ^3.0.0
205 silly placeDep ROOT d3-timer@3.0.1 OK for: victory-vendor@37.3.6 want: ^3.0.1
206 silly fetch manifest @types/d3-color@*
207 silly packumentCache full:https://registry.npmjs.org/@types%2fd3-color cache-miss
208 silly fetch manifest @types/d3-time@*
209 silly packumentCache full:https://registry.npmjs.org/@types%2fd3-time cache-miss
210 silly fetch manifest @types/d3-path@*
211 silly packumentCache full:https://registry.npmjs.org/@types%2fd3-path cache-miss
212 silly fetch manifest internmap@1 - 2
213 silly packumentCache full:https://registry.npmjs.org/internmap cache-miss
214 silly fetch manifest d3-color@1 - 3
215 silly packumentCache full:https://registry.npmjs.org/d3-color cache-miss
216 silly fetch manifest d3-format@1 - 3
217 silly packumentCache full:https://registry.npmjs.org/d3-format cache-miss
218 silly fetch manifest d3-time@2.1.1 - 3
219 silly packumentCache full:https://registry.npmjs.org/d3-time cache-miss
220 http cache https://registry.npmjs.org/@types%2fd3-time 4ms (cache hit)
221 silly packumentCache full:https://registry.npmjs.org/@types%2fd3-time set size:52652 disposed:false
222 silly fetch manifest d3-time-format@2 - 4
223 silly packumentCache full:https://registry.npmjs.org/d3-time-format cache-miss
224 http cache https://registry.npmjs.org/d3-time 3ms (cache hit)
225 silly packumentCache full:https://registry.npmjs.org/d3-time set size:150406 disposed:false
226 silly fetch manifest d3-path@^3.1.0
227 silly packumentCache full:https://registry.npmjs.org/d3-path cache-miss
228 http fetch GET 200 https://registry.npmjs.org/internmap 30ms (cache miss)
229 silly packumentCache full:https://registry.npmjs.org/internmap set size:undefined disposed:false
230 http fetch GET 200 https://registry.npmjs.org/d3-format 35ms (cache miss)
231 silly packumentCache full:https://registry.npmjs.org/d3-format set size:undefined disposed:false
232 http fetch GET 200 https://registry.npmjs.org/d3-color 41ms (cache miss)
233 silly packumentCache full:https://registry.npmjs.org/d3-color set size:undefined disposed:false
234 http fetch GET 200 https://registry.npmjs.org/@types%2fd3-color 43ms (cache miss)
235 silly packumentCache full:https://registry.npmjs.org/@types%2fd3-color set size:undefined disposed:false
236 http fetch GET 200 https://registry.npmjs.org/d3-time-format 42ms (cache miss)
237 silly packumentCache full:https://registry.npmjs.org/d3-time-format set size:undefined disposed:false
238 http fetch GET 200 https://registry.npmjs.org/d3-path 43ms (cache miss)
239 silly packumentCache full:https://registry.npmjs.org/d3-path set size:undefined disposed:false
240 http fetch GET 200 https://registry.npmjs.org/@types%2fd3-path 52ms (cache miss)
241 silly packumentCache full:https://registry.npmjs.org/@types%2fd3-path set size:undefined disposed:false
242 silly placeDep ROOT @types/d3-color@3.1.3 OK for: @types/d3-interpolate@3.0.4 want: *
243 silly placeDep ROOT @types/d3-path@3.1.1 OK for: @types/d3-shape@3.1.8 want: *
244 silly placeDep ROOT internmap@2.0.3 OK for: d3-array@3.2.4 want: 1 - 2
245 silly placeDep ROOT d3-color@3.1.0 OK for: d3-interpolate@3.0.1 want: 1 - 3
246 silly placeDep ROOT d3-format@3.1.2 OK for: d3-scale@4.0.2 want: 1 - 3
247 silly placeDep ROOT d3-time-format@4.1.0 OK for: d3-scale@4.0.2 want: 2 - 4
248 silly placeDep ROOT d3-path@3.1.0 OK for: d3-shape@3.2.0 want: ^3.1.0
249 silly reify moves {}
250 http cache d3-path@https://registry.npmjs.org/d3-path/-/d3-path-3.1.0.tgz 0ms (cache hit)
251 http cache d3-color@https://registry.npmjs.org/d3-color/-/d3-color-3.1.0.tgz 0ms (cache hit)
252 http cache internmap@https://registry.npmjs.org/internmap/-/internmap-2.0.3.tgz 0ms (cache hit)
253 http cache @types/d3-color@https://registry.npmjs.org/@types/d3-color/-/d3-color-3.1.3.tgz 0ms (cache hit)
254 http cache @types/d3-path@https://registry.npmjs.org/@types/d3-path/-/d3-path-3.1.1.tgz 0ms (cache hit)
255 http cache d3-time@https://registry.npmjs.org/d3-time/-/d3-time-3.1.0.tgz 0ms (cache hit)
256 http cache d3-timer@https://registry.npmjs.org/d3-timer/-/d3-timer-3.0.1.tgz 0ms (cache hit)
257 http cache d3-scale@https://registry.npmjs.org/d3-scale/-/d3-scale-4.0.2.tgz 0ms (cache hit)
258 http cache d3-interpolate@https://registry.npmjs.org/d3-interpolate/-/d3-interpolate-3.0.1.tgz 0ms (cache hit)
259 http cache d3-shape@https://registry.npmjs.org/d3-shape/-/d3-shape-3.2.0.tgz 0ms (cache hit)
260 http cache d3-format@https://registry.npmjs.org/d3-format/-/d3-format-3.1.2.tgz 0ms (cache hit)
261 http cache d3-ease@https://registry.npmjs.org/d3-ease/-/d3-ease-3.0.1.tgz 0ms (cache hit)
262 http cache @types/d3-shape@https://registry.npmjs.org/@types/d3-shape/-/d3-shape-3.1.8.tgz 0ms (cache hit)
263 http cache @types/d3-time@https://registry.npmjs.org/@types/d3-time/-/d3-time-3.0.4.tgz 0ms (cache hit)
264 http cache @types/d3-timer@https://registry.npmjs.org/@types/d3-timer/-/d3-timer-3.0.2.tgz 0ms (cache hit)
265 http cache d3-time-format@https://registry.npmjs.org/d3-time-format/-/d3-time-format-4.1.0.tgz 0ms (cache hit)
266 http cache d3-array@https://registry.npmjs.org/d3-array/-/d3-array-3.2.4.tgz 0ms (cache hit)
267 http cache @types/d3-interpolate@https://registry.npmjs.org/@types/d3-interpolate/-/d3-interpolate-3.0.4.tgz 0ms (cache hit)
268 http cache @types/d3-array@https://registry.npmjs.org/@types/d3-array/-/d3-array-3.2.2.tgz 0ms (cache hit)
269 http cache @types/d3-ease@https://registry.npmjs.org/@types/d3-ease/-/d3-ease-3.0.2.tgz 0ms (cache hit)
270 http cache redux@https://registry.npmjs.org/redux/-/redux-5.0.1.tgz 0ms (cache hit)
271 http cache redux-thunk@https://registry.npmjs.org/redux-thunk/-/redux-thunk-3.1.0.tgz 0ms (cache hit)
272 http cache @types/use-sync-external-store@https://registry.npmjs.org/@types/use-sync-external-store/-/use-sync-external-store-0.0.6.tgz 0ms (cache hit)
273 http cache @standard-schema/spec@https://registry.npmjs.org/@standard-schema/spec/-/spec-1.1.0.tgz 0ms (cache hit)
274 http cache @standard-schema/utils@https://registry.npmjs.org/@standard-schema/utils/-/utils-0.3.0.tgz 0ms (cache hit)
275 http cache reselect@https://registry.npmjs.org/reselect/-/reselect-5.1.1.tgz 0ms (cache hit)
276 http cache react-redux@https://registry.npmjs.org/react-redux/-/react-redux-9.2.0.tgz 0ms (cache hit)
277 http cache use-sync-external-store@https://registry.npmjs.org/use-sync-external-store/-/use-sync-external-store-1.6.0.tgz 0ms (cache hit)
278 http cache es-toolkit@https://registry.npmjs.org/es-toolkit/-/es-toolkit-1.44.0.tgz 0ms (cache hit)
279 http cache decimal.js-light@https://registry.npmjs.org/decimal.js-light/-/decimal.js-light-2.5.1.tgz 0ms (cache hit)
280 http cache clsx@https://registry.npmjs.org/clsx/-/clsx-2.1.1.tgz 0ms (cache hit)
281 http cache @types/d3-scale@https://registry.npmjs.org/@types/d3-scale/-/d3-scale-4.0.9.tgz 0ms (cache hit)
282 http cache @reduxjs/toolkit@https://registry.npmjs.org/@reduxjs/toolkit/-/toolkit-2.11.2.tgz 0ms (cache hit)
283 http cache recharts@https://registry.npmjs.org/recharts/-/recharts-3.6.0.tgz 0ms (cache hit)
284 http cache tiny-invariant@https://registry.npmjs.org/tiny-invariant/-/tiny-invariant-1.3.3.tgz 0ms (cache hit)
285 http cache victory-vendor@https://registry.npmjs.org/victory-vendor/-/victory-vendor-37.3.6.tgz 0ms (cache hit)
286 http cache eventemitter3@https://registry.npmjs.org/eventemitter3/-/eventemitter3-5.0.4.tgz 0ms (cache hit)
287 silly tarball no local data for d3-path@https://registry.npmjs.org/d3-path/-/d3-path-3.1.0.tgz. Extracting by manifest.
288 silly tarball no local data for d3-color@https://registry.npmjs.org/d3-color/-/d3-color-3.1.0.tgz. Extracting by manifest.
289 silly tarball no local data for internmap@https://registry.npmjs.org/internmap/-/internmap-2.0.3.tgz. Extracting by manifest.
290 silly tarball no local data for @types/d3-color@https://registry.npmjs.org/@types/d3-color/-/d3-color-3.1.3.tgz. Extracting by manifest.
291 silly tarball no local data for @types/d3-path@https://registry.npmjs.org/@types/d3-path/-/d3-path-3.1.1.tgz. Extracting by manifest.
292 silly tarball no local data for d3-time@https://registry.npmjs.org/d3-time/-/d3-time-3.1.0.tgz. Extracting by manifest.
293 silly tarball no local data for d3-timer@https://registry.npmjs.org/d3-timer/-/d3-timer-3.0.1.tgz. Extracting by manifest.
294 silly tarball no local data for d3-scale@https://registry.npmjs.org/d3-scale/-/d3-scale-4.0.2.tgz. Extracting by manifest.
295 silly tarball no local data for d3-interpolate@https://registry.npmjs.org/d3-interpolate/-/d3-interpolate-3.0.1.tgz. Extracting by manifest.
296 silly tarball no local data for d3-shape@https://registry.npmjs.org/d3-shape/-/d3-shape-3.2.0.tgz. Extracting by manifest.
297 silly tarball no local data for d3-format@https://registry.npmjs.org/d3-format/-/d3-format-3.1.2.tgz. Extracting by manifest.
298 silly tarball no local data for d3-ease@https://registry.npmjs.org/d3-ease/-/d3-ease-3.0.1.tgz. Extracting by manifest.
299 http cache immer@https://registry.npmjs.org/immer/-/immer-10.2.0.tgz 0ms (cache hit)
300 silly tarball no local data for @types/d3-shape@https://registry.npmjs.org/@types/d3-shape/-/d3-shape-3.1.8.tgz. Extracting by manifest.
301 http cache immer@https://registry.npmjs.org/immer/-/immer-11.1.3.tgz 0ms (cache hit)
302 silly tarball no local data for @types/d3-time@https://registry.npmjs.org/@types/d3-time/-/d3-time-3.0.4.tgz. Extracting by manifest.
303 silly tarball no local data for @types/d3-timer@https://registry.npmjs.org/@types/d3-timer/-/d3-timer-3.0.2.tgz. Extracting by manifest.
304 silly tarball no local data for d3-time-format@https://registry.npmjs.org/d3-time-format/-/d3-time-format-4.1.0.tgz. Extracting by manifest.
305 silly tarball no local data for d3-array@https://registry.npmjs.org/d3-array/-/d3-array-3.2.4.tgz. Extracting by manifest.
306 silly tarball no local data for @types/d3-interpolate@https://registry.npmjs.org/@types/d3-interpolate/-/d3-interpolate-3.0.4.tgz. Extracting by manifest.
307 silly tarball no local data for @types/d3-array@https://registry.npmjs.org/@types/d3-array/-/d3-array-3.2.2.tgz. Extracting by manifest.
308 silly tarball no local data for @types/d3-ease@https://registry.npmjs.org/@types/d3-ease/-/d3-ease-3.0.2.tgz. Extracting by manifest.
309 silly tarball no local data for redux@https://registry.npmjs.org/redux/-/redux-5.0.1.tgz. Extracting by manifest.
310 silly tarball no local data for redux-thunk@https://registry.npmjs.org/redux-thunk/-/redux-thunk-3.1.0.tgz. Extracting by manifest.
311 silly tarball no local data for @types/use-sync-external-store@https://registry.npmjs.org/@types/use-sync-external-store/-/use-sync-external-store-0.0.6.tgz. Extracting by manifest.
312 silly tarball no local data for @standard-schema/utils@https://registry.npmjs.org/@standard-schema/utils/-/utils-0.3.0.tgz. Extracting by manifest.
313 silly tarball no local data for reselect@https://registry.npmjs.org/reselect/-/reselect-5.1.1.tgz. Extracting by manifest.
314 silly tarball no local data for react-redux@https://registry.npmjs.org/react-redux/-/react-redux-9.2.0.tgz. Extracting by manifest.
315 silly tarball no local data for use-sync-external-store@https://registry.npmjs.org/use-sync-external-store/-/use-sync-external-store-1.6.0.tgz. Extracting by manifest.
316 silly tarball no local data for es-toolkit@https://registry.npmjs.org/es-toolkit/-/es-toolkit-1.44.0.tgz. Extracting by manifest.
317 silly tarball no local data for decimal.js-light@https://registry.npmjs.org/decimal.js-light/-/decimal.js-light-2.5.1.tgz. Extracting by manifest.
318 silly tarball no local data for clsx@https://registry.npmjs.org/clsx/-/clsx-2.1.1.tgz. Extracting by manifest.
319 silly tarball no local data for @types/d3-scale@https://registry.npmjs.org/@types/d3-scale/-/d3-scale-4.0.9.tgz. Extracting by manifest.
320 silly tarball no local data for @reduxjs/toolkit@https://registry.npmjs.org/@reduxjs/toolkit/-/toolkit-2.11.2.tgz. Extracting by manifest.
321 silly tarball no local data for recharts@https://registry.npmjs.org/recharts/-/recharts-3.6.0.tgz. Extracting by manifest.
322 silly tarball no local data for tiny-invariant@https://registry.npmjs.org/tiny-invariant/-/tiny-invariant-1.3.3.tgz. Extracting by manifest.
323 silly tarball no local data for victory-vendor@https://registry.npmjs.org/victory-vendor/-/victory-vendor-37.3.6.tgz. Extracting by manifest.
324 silly tarball no local data for eventemitter3@https://registry.npmjs.org/eventemitter3/-/eventemitter3-5.0.4.tgz. Extracting by manifest.
325 silly tarball no local data for @standard-schema/spec@https://registry.npmjs.org/@standard-schema/spec/-/spec-1.1.0.tgz. Extracting by manifest.
326 silly tarball no local data for immer@https://registry.npmjs.org/immer/-/immer-10.2.0.tgz. Extracting by manifest.
327 silly tarball no local data for immer@https://registry.npmjs.org/immer/-/immer-11.1.3.tgz. Extracting by manifest.
328 http fetch GET 200 https://registry.npmjs.org/d3-time/-/d3-time-3.1.0.tgz 156ms (cache miss)
329 http fetch GET 200 https://registry.npmjs.org/internmap/-/internmap-2.0.3.tgz 159ms (cache miss)
330 http fetch GET 200 https://registry.npmjs.org/d3-color/-/d3-color-3.1.0.tgz 160ms (cache miss)
331 http fetch GET 200 https://registry.npmjs.org/@types/d3-color/-/d3-color-3.1.3.tgz 161ms (cache miss)
332 http fetch GET 200 https://registry.npmjs.org/d3-timer/-/d3-timer-3.0.1.tgz 161ms (cache miss)
333 http fetch GET 200 https://registry.npmjs.org/d3-path/-/d3-path-3.1.0.tgz 162ms (cache miss)
334 http fetch GET 200 https://registry.npmjs.org/@types/d3-path/-/d3-path-3.1.1.tgz 162ms (cache miss)
335 http fetch GET 200 https://registry.npmjs.org/@types/d3-interpolate/-/d3-interpolate-3.0.4.tgz 163ms (cache miss)
336 http fetch GET 200 https://registry.npmjs.org/@types/d3-array/-/d3-array-3.2.2.tgz 165ms (cache miss)
337 http fetch GET 200 https://registry.npmjs.org/d3-time-format/-/d3-time-format-4.1.0.tgz 170ms (cache miss)
338 http fetch GET 200 https://registry.npmjs.org/d3-array/-/d3-array-3.2.4.tgz 176ms (cache miss)
339 http fetch GET 200 https://registry.npmjs.org/redux/-/redux-5.0.1.tgz 183ms (cache miss)
340 http fetch GET 200 https://registry.npmjs.org/d3-format/-/d3-format-3.1.2.tgz 184ms (cache miss)
341 http fetch GET 200 https://registry.npmjs.org/redux-thunk/-/redux-thunk-3.1.0.tgz 262ms (cache miss)
342 http fetch GET 200 https://registry.npmjs.org/d3-shape/-/d3-shape-3.2.0.tgz 271ms (cache miss)
343 http fetch GET 200 https://registry.npmjs.org/decimal.js-light/-/decimal.js-light-2.5.1.tgz 297ms (cache miss)
344 http fetch GET 200 https://registry.npmjs.org/clsx/-/clsx-2.1.1.tgz 304ms (cache miss)
345 http fetch GET 200 https://registry.npmjs.org/@types/d3-scale/-/d3-scale-4.0.9.tgz 355ms (cache miss)
346 http fetch GET 200 https://registry.npmjs.org/d3-ease/-/d3-ease-3.0.1.tgz 463ms (cache miss)
347 http fetch GET 200 https://registry.npmjs.org/@standard-schema/utils/-/utils-0.3.0.tgz 470ms (cache miss)
348 http fetch GET 200 https://registry.npmjs.org/tiny-invariant/-/tiny-invariant-1.3.3.tgz 506ms (cache miss)
349 http fetch GET 200 https://registry.npmjs.org/@types/d3-shape/-/d3-shape-3.1.8.tgz 510ms (cache miss)
350 http fetch GET 200 https://registry.npmjs.org/eventemitter3/-/eventemitter3-5.0.4.tgz 508ms (cache miss)
351 http fetch GET 200 https://registry.npmjs.org/@types/d3-timer/-/d3-timer-3.0.2.tgz 510ms (cache miss)
352 http fetch GET 200 https://registry.npmjs.org/@types/d3-time/-/d3-time-3.0.4.tgz 510ms (cache miss)
353 http fetch GET 200 https://registry.npmjs.org/use-sync-external-store/-/use-sync-external-store-1.6.0.tgz 510ms (cache miss)
354 http fetch GET 200 https://registry.npmjs.org/d3-interpolate/-/d3-interpolate-3.0.1.tgz 518ms (cache miss)
355 http fetch GET 200 https://registry.npmjs.org/victory-vendor/-/victory-vendor-37.3.6.tgz 572ms (cache miss)
356 http fetch GET 200 https://registry.npmjs.org/d3-scale/-/d3-scale-4.0.2.tgz 593ms (cache miss)
357 http fetch GET 200 https://registry.npmjs.org/@types/d3-ease/-/d3-ease-3.0.2.tgz 601ms (cache miss)
358 http fetch GET 200 https://registry.npmjs.org/@types/use-sync-external-store/-/use-sync-external-store-0.0.6.tgz 601ms (cache miss)
359 http fetch GET 200 https://registry.npmjs.org/@standard-schema/spec/-/spec-1.1.0.tgz 631ms (cache miss)
360 http fetch GET 200 https://registry.npmjs.org/reselect/-/reselect-5.1.1.tgz 640ms (cache miss)
361 http fetch GET 200 https://registry.npmjs.org/react-redux/-/react-redux-9.2.0.tgz 681ms (cache miss)
362 http fetch GET 200 https://registry.npmjs.org/immer/-/immer-10.2.0.tgz 692ms (cache miss)
363 http fetch GET 200 https://registry.npmjs.org/recharts/-/recharts-3.6.0.tgz 819ms (cache miss)
364 http fetch GET 200 https://registry.npmjs.org/immer/-/immer-11.1.3.tgz 970ms (cache miss)
365 http fetch GET 200 https://registry.npmjs.org/@reduxjs/toolkit/-/toolkit-2.11.2.tgz 1022ms (cache miss)
366 http fetch GET 200 https://registry.npmjs.org/es-toolkit/-/es-toolkit-1.44.0.tgz 1257ms (cache miss)
367 silly ADD node_modules/d3-path
368 silly ADD node_modules/d3-time-format
369 silly ADD node_modules/d3-format
370 silly ADD node_modules/d3-color
371 silly ADD node_modules/internmap
372 silly ADD node_modules/@types/d3-path
373 silly ADD node_modules/@types/d3-color
374 silly ADD node_modules/d3-timer
375 silly ADD node_modules/d3-time
376 silly ADD node_modules/d3-shape
377 silly ADD node_modules/d3-scale
378 silly ADD node_modules/d3-interpolate
379 silly ADD node_modules/d3-ease
380 silly ADD node_modules/d3-array
381 silly ADD node_modules/@types/d3-timer
382 silly ADD node_modules/@types/d3-time
383 silly ADD node_modules/@types/d3-shape
384 silly ADD node_modules/@types/d3-scale
385 silly ADD node_modules/@types/d3-interpolate
386 silly ADD node_modules/@types/d3-ease
387 silly ADD node_modules/@types/d3-array
388 silly ADD node_modules/@types/use-sync-external-store
389 silly ADD node_modules/redux-thunk
390 silly ADD node_modules/redux
391 silly ADD node_modules/@standard-schema/utils
392 silly ADD node_modules/@standard-schema/spec
393 silly ADD node_modules/victory-vendor
394 silly ADD node_modules/use-sync-external-store
395 silly ADD node_modules/tiny-invariant
396 silly ADD node_modules/reselect
397 silly ADD node_modules/react-redux
398 silly ADD node_modules/es-toolkit
399 silly ADD node_modules/decimal.js-light
400 silly ADD node_modules/clsx
401 silly ADD node_modules/@reduxjs/toolkit
402 silly ADD node_modules/@reduxjs/toolkit/node_modules/immer
403 silly ADD node_modules/recharts
404 silly ADD node_modules/recharts/node_modules/immer
405 silly ADD node_modules/recharts/node_modules/eventemitter3
406 verbose cwd /Users/macbook/Desenvolvimento/onev2editdezembro/consulta-react
407 verbose os Darwin 25.2.0
408 verbose node v22.20.0
409 verbose npm  v10.9.3
410 verbose exit 0
411 info ok
